<?xml version="1.0" encoding="UTF-8"?>
<!-- Generated by org.testng.reporters.JUnitReportReporter -->
<testsuite hostname="DESKTOP-SV6O24V" failures="0" tests="1" name="com.itpl.Annotations" time="0.012" errors="0" timestamp="23 Nov 2024 13:24:15 GMT" skipped="0">
  <testcase classname="com.itpl.Annotations" name="testScript" time="0.012"/>
</testsuite> <!-- com.itpl.Annotations -->
