<?xml version="1.0" encoding="UTF-8"?>
<!-- Generated by org.testng.reporters.JUnitReportReporter -->
<testsuite hostname="DESKTOP-SV6O24V" failures="0" tests="3" name="Files.DynamicJson" time="6.371" errors="0" timestamp="26 Dec 2024 05:36:01 GMT" skipped="0">
  <testcase classname="Files.DynamicJson" name="addBook" time="0.186"/>
  <testcase classname="Files.DynamicJson" name="addBook" time="6.022"/>
  <testcase classname="Files.DynamicJson" name="addBook" time="0.163"/>
</testsuite> <!-- Files.DynamicJson -->
