<?xml version="1.0" encoding="UTF-8"?>
<!-- Generated by org.testng.reporters.JUnitReportReporter -->
<testsuite hostname="DESKTOP-SV6O24V" failures="0" tests="1" name="RestAssured.SumValidation" time="4.428" errors="0" timestamp="06 Dec 2024 16:15:00 GMT" skipped="0">
  <testcase classname="RestAssured.SumValidation" name="sumOfCourses" time="4.428"/>
</testsuite> <!-- RestAssured.SumValidation -->
